c:\uni\cos30019\assign01\robonav\robonav\debug\vc140.pdb
c:\uni\cos30019\assign01\robonav\robonav\debug\vc140.idb
c:\uni\cos30019\assign01\robonav\robonav\debug\bfs.obj
c:\uni\cos30019\assign01\robonav\robonav\debug\cus1.obj
c:\uni\cos30019\assign01\robonav\robonav\debug\dfs.obj
c:\uni\cos30019\assign01\robonav\robonav\debug\as.obj
c:\uni\cos30019\assign01\robonav\robonav\debug\cus2.obj
c:\uni\cos30019\assign01\robonav\robonav\debug\gbfs.obj
c:\uni\cos30019\assign01\robonav\robonav\debug\main.obj
c:\uni\cos30019\assign01\robonav\robonav\debug\map.obj
c:\uni\cos30019\assign01\robonav\robonav\debug\interface.obj
c:\uni\cos30019\assign01\robonav\robonav\debug\data.obj
c:\uni\cos30019\assign01\robonav\robonav\debug\search.obj
c:\uni\cos30019\assign01\robonav\debug\robonav.ilk
c:\uni\cos30019\assign01\robonav\debug\robonav.exe
c:\uni\cos30019\assign01\robonav\debug\robonav.pdb
c:\uni\cos30019\assign01\robonav\robonav\debug\as.new.obj.enc
c:\uni\cos30019\assign01\robonav\robonav\debug\bfs.new.obj.enc
c:\uni\cos30019\assign01\robonav\robonav\debug\cus1.new.obj.enc
c:\uni\cos30019\assign01\robonav\robonav\debug\cus2.new.obj.enc
c:\uni\cos30019\assign01\robonav\robonav\debug\dfs.new.obj.enc
c:\uni\cos30019\assign01\robonav\robonav\debug\gbfs.new.obj.enc
c:\uni\cos30019\assign01\robonav\robonav\debug\interface.new.obj.enc
c:\uni\cos30019\assign01\robonav\robonav\debug\main.new.obj.enc
c:\uni\cos30019\assign01\robonav\robonav\debug\map.new.obj.enc
c:\uni\cos30019\assign01\robonav\robonav\debug\robonav.tlog\cl.command.1.tlog
c:\uni\cos30019\assign01\robonav\robonav\debug\robonav.tlog\cl.read.1.tlog
c:\uni\cos30019\assign01\robonav\robonav\debug\robonav.tlog\cl.write.1.tlog
c:\uni\cos30019\assign01\robonav\robonav\debug\robonav.tlog\link.9744-cvtres.read.1.tlog
c:\uni\cos30019\assign01\robonav\robonav\debug\robonav.tlog\link.9744-cvtres.write.1.tlog
c:\uni\cos30019\assign01\robonav\robonav\debug\robonav.tlog\link.9744-rc.read.1.tlog
c:\uni\cos30019\assign01\robonav\robonav\debug\robonav.tlog\link.9744-rc.write.1.tlog
c:\uni\cos30019\assign01\robonav\robonav\debug\robonav.tlog\link.9744.read.1.tlog
c:\uni\cos30019\assign01\robonav\robonav\debug\robonav.tlog\link.9744.write.1.tlog
c:\uni\cos30019\assign01\robonav\robonav\debug\robonav.tlog\link.command.1.tlog
c:\uni\cos30019\assign01\robonav\robonav\debug\robonav.tlog\link.read.1.tlog
c:\uni\cos30019\assign01\robonav\robonav\debug\robonav.tlog\link.write.1.tlog
